 WARNING , 2022-07-23 - 23:27:18 , pw@admin.papayafoodcourt.com attempted to sign in. Incorrect OTP was inputted
 WARNING , 2022-07-23 - 23:27:18 , pw@admin.papayafoodcourt.com attempted to sign in. Incorrect OTP was inputted
 INFO , 2022-07-23 - 23:27:22 , pw@admin.papayafoodcourt.com successfully signed in
 INFO , 2022-07-23 - 23:27:22 , pw@admin.papayafoodcourt.com successfully signed in
 WARNING , 2022-07-27 - 10:59:14 , pw@admin.papayafoodcourt.com attempted to sign in
 WARNING , 2022-07-27 - 10:59:31 , pw@admin.papayafoodcourt.com attempted to sign in
 INFO , 2022-07-27 - 10:59:56 , adminAcc@gmail.com successfully signed in
 WARNING , 2022-07-27 - 11:01:47 , pw@admin.papayafoodcourt.com attempted to sign in
 WARNING , 2022-07-27 - 11:02:11 , pw@admin.papayafoodcourt.com attempted to sign in
 WARNING , 2022-07-27 - 11:02:33 , pw@admin.papayafoodcourt.com attempted to sign in
 WARNING , 2022-07-27 - 11:02:47 , pw@admin.papayafoodcourt.com attempted to sign in
 WARNING , 2022-07-27 - 11:03:06 , adminAcc@gmail.com attempted to sign in. Incorrect OTP was inputted
 INFO , 2022-07-27 - 11:03:12 , adminAcc@gmail.com successfully signed in
 WARNING , 2022-07-27 - 11:04:03 , pw@admin.papayafoodcourt.com attempted to sign in. Incorrect OTP was inputted
 INFO , 2022-07-27 - 11:04:08 , pw@admin.papayafoodcourt.com successfully signed in
 WARNING , 2022-07-27 - 15:33:08 , pw@admin.papayafoodcourt.com attempted to sign in
 INFO , 2022-07-27 - 15:33:28 , pw@admin.papayafoodcourt.com successfully signed in
 INFO , 2022-07-27 - 16:04:25 , test23@gmail.com successfully signed in
 WARNING , 2022-07-27 - 16:05:04 , pw@admin.papayafoodcourt.com attempted to sign in
 INFO , 2022-07-27 - 16:06:09 , adminAcc@gmail.com successfully signed in
 INFO , 2022-07-27 - 16:08:14 , pw@admin.papayafoodcourt.com successfully signed in
 INFO , 2022-08-08 - 14:00:58 , test555@gmail.com successfully registered
 INFO , 2022-08-08 - 14:02:00 , test555@gmail.com has successfully ordered
